Unity Editor version:    2021.3.1f1 (3b70a0754835)
Branch:                  2021.3/staging
Build type:              Release
Batch mode:              YES
macOS version:           Version 12.3.1 (Build 21E258)
Darwin version:          21.4.0
Architecture:            x86_64
Running under Rosetta:   NO
Available memory:        16384 MB
Using pre-set license
Pro License: YES

COMMAND LINE ARGUMENTS:
/Applications/Unity/Hub/Editor/2021.3.1f1/Unity.app/Contents/MacOS/Unity
-adb2
-batchMode
-noUpm
-name
AssetImportWorker1
-projectPath
/Users/kuta/Documents/GitHub/endlessQueriUnity
-logFile
Logs/AssetImportWorker1.log
-srvPort
57377
Successfully changed project path to: /Users/kuta/Documents/GitHub/endlessQueriUnity
/Users/kuta/Documents/GitHub/endlessQueriUnity
[UnityMemory] Configuration Parameters - Can be set up in boot.config
    "memorysetup-bucket-allocator-granularity=16"
    "memorysetup-bucket-allocator-bucket-count=8"
    "memorysetup-bucket-allocator-block-size=33554432"
    "memorysetup-bucket-allocator-block-count=8"
    "memorysetup-main-allocator-block-size=16777216"
    "memorysetup-thread-allocator-block-size=16777216"
    "memorysetup-gfx-main-allocator-block-size=16777216"
    "memorysetup-gfx-thread-allocator-block-size=16777216"
    "memorysetup-cache-allocator-block-size=4194304"
    "memorysetup-typetree-allocator-block-size=2097152"
    "memorysetup-profiler-bucket-allocator-granularity=16"
    "memorysetup-profiler-bucket-allocator-bucket-count=8"
    "memorysetup-profiler-bucket-allocator-block-size=33554432"
    "memorysetup-profiler-bucket-allocator-block-count=8"
    "memorysetup-profiler-allocator-block-size=16777216"
    "memorysetup-profiler-editor-allocator-block-size=1048576"
    "memorysetup-temp-allocator-size-main=16777216"
    "memorysetup-job-temp-allocator-block-size=2097152"
    "memorysetup-job-temp-allocator-block-size-background=1048576"
    "memorysetup-job-temp-allocator-reduction-small-platforms=262144"
    "memorysetup-temp-allocator-size-background-worker=32768"
    "memorysetup-temp-allocator-size-job-worker=262144"
    "memorysetup-temp-allocator-size-preload-manager=33554432"
    "memorysetup-temp-allocator-size-nav-mesh-worker=65536"
    "memorysetup-temp-allocator-size-audio-worker=65536"
    "memorysetup-temp-allocator-size-cloud-worker=32768"
    "memorysetup-temp-allocator-size-gi-baking-worker=262144"
    "memorysetup-temp-allocator-size-gfx=262144"
Refreshing native plugins compatible for Editor in 104.08 ms, found 2 plugins.
Preloading 0 native plugins for Editor in 0.00 ms.
Initialize engine version: 2021.3.1f1 (3b70a0754835)
[Subsystems] Discovering subsystems at path /Applications/Unity/Hub/Editor/2021.3.1f1/Unity.app/Contents/Resources/UnitySubsystems
[Subsystems] Discovering subsystems at path /Users/kuta/Documents/GitHub/endlessQueriUnity/Assets
GfxDevice: creating device client; threaded=0; jobified=0
Color LCD preferred device: AMD Radeon Pro 555X (high power)
Metal devices available: 2
0: AMD Radeon Pro 555X (high power)
1: Intel(R) UHD Graphics 630 (low power)
Using device AMD Radeon Pro 555X (high power)
Initializing Metal device caps: AMD Radeon Pro 555X
Initialize mono
Mono path[0] = '/Applications/Unity/Hub/Editor/2021.3.1f1/Unity.app/Contents/Managed'
Mono path[1] = '/Applications/Unity/Hub/Editor/2021.3.1f1/Unity.app/Contents/MonoBleedingEdge/lib/mono/unityjit-macos'
Mono config path = '/Applications/Unity/Hub/Editor/2021.3.1f1/Unity.app/Contents/MonoBleedingEdge/etc'
Using monoOptions --debugger-agent=transport=dt_socket,embedding=1,server=y,suspend=n,address=127.0.0.1:56752
Begin MonoManager ReloadAssembly
Registering precompiled unity dll's ...
Register platform support module: /Applications/Unity/Hub/Editor/2021.3.1f1/PlaybackEngines/WebGLSupport/UnityEditor.WebGL.Extensions.dll
Register platform support module: /Applications/Unity/Hub/Editor/2021.3.1f1/Unity.app/Contents/PlaybackEngines/MacStandaloneSupport/UnityEditor.OSXStandalone.Extensions.dll
Registered in 0.001322 seconds.
Native extension for OSXStandalone target not found
Native extension for WebGL target not found
Refreshing native plugins compatible for Editor in 103.75 ms, found 2 plugins.
Preloading 0 native plugins for Editor in 0.00 ms.
Mono: successfully reloaded assembly
- Completed reload, in  1.060 seconds
Domain Reload Profiling:
	ReloadAssembly (1061ms)
		BeginReloadAssembly (143ms)
			ExecutionOrderSort (0ms)
			DisableScriptedObjects (0ms)
			BackupInstance (0ms)
			ReleaseScriptingObjects (0ms)
			CreateAndSetChildDomain (1ms)
		EndReloadAssembly (660ms)
			LoadAssemblies (145ms)
			RebuildTransferFunctionScriptingTraits (0ms)
			SetupTypeCache (169ms)
			ReleaseScriptCaches (0ms)
			RebuildScriptCaches (48ms)
			SetupLoadedEditorAssemblies (376ms)
				LogAssemblyErrors (0ms)
				InitializePlatformSupportModulesInManaged (11ms)
				SetLoadedEditorAssemblies (1ms)
				RefreshPlugins (104ms)
				BeforeProcessingInitializeOnLoad (1ms)
				ProcessInitializeOnLoadAttributes (199ms)
				ProcessInitializeOnLoadMethodAttributes (60ms)
				AfterProcessingInitializeOnLoad (0ms)
				EditorAssembliesLoaded (0ms)
			ExecutionOrderSort2 (0ms)
			AwakeInstancesAfterBackupRestoration (0ms)
Platform modules already initialized, skipping
Registering precompiled user dll's ...
Registered in 0.006442 seconds.
Begin MonoManager ReloadAssembly
Symbol file LoadedFromMemory doesn't match image /Users/kuta/Documents/GitHub/endlessQueriUnity/Library/PackageCache/com.unity.visualscripting@1.7.6/Editor/VisualScripting.Core/Dependencies/YamlDotNet/Unity.VisualScripting.YamlDotNet.dll
Symbol file LoadedFromMemory is not a mono symbol file
Symbol file LoadedFromMemory doesn't match image /Users/kuta/Documents/GitHub/endlessQueriUnity/Library/PackageCache/com.unity.visualscripting@1.7.6/Editor/VisualScripting.Core/Dependencies/DotNetZip/Unity.VisualScripting.IonicZip.dll
Native extension for OSXStandalone target not found
Native extension for WebGL target not found
Refreshing native plugins compatible for Editor in 1.04 ms, found 2 plugins.
Preloading 0 native plugins for Editor in 0.00 ms.
Mono: successfully reloaded assembly
- Completed reload, in  1.408 seconds
Domain Reload Profiling:
	ReloadAssembly (1409ms)
		BeginReloadAssembly (145ms)
			ExecutionOrderSort (0ms)
			DisableScriptedObjects (7ms)
			BackupInstance (0ms)
			ReleaseScriptingObjects (0ms)
			CreateAndSetChildDomain (25ms)
		EndReloadAssembly (1102ms)
			LoadAssemblies (134ms)
			RebuildTransferFunctionScriptingTraits (0ms)
			SetupTypeCache (329ms)
			ReleaseScriptCaches (1ms)
			RebuildScriptCaches (86ms)
			SetupLoadedEditorAssemblies (498ms)
				LogAssemblyErrors (0ms)
				InitializePlatformSupportModulesInManaged (8ms)
				SetLoadedEditorAssemblies (1ms)
				RefreshPlugins (1ms)
				BeforeProcessingInitializeOnLoad (85ms)
				ProcessInitializeOnLoadAttributes (369ms)
				ProcessInitializeOnLoadMethodAttributes (34ms)
				AfterProcessingInitializeOnLoad (1ms)
				EditorAssembliesLoaded (0ms)
			ExecutionOrderSort2 (0ms)
			AwakeInstancesAfterBackupRestoration (6ms)
Platform modules already initialized, skipping
========================================================================
Worker process is ready to serve import requests
Launching external process: /Applications/Unity/Hub/Editor/2021.3.1f1/Unity.app/Contents/Tools/UnityShaderCompiler
Launched and connected shader compiler UnityShaderCompiler after 0.08 seconds
Refreshing native plugins compatible for Editor in 0.91 ms, found 2 plugins.
Preloading 0 native plugins for Editor in 0.00 ms.
Unloading 3132 Unused Serialized files (Serialized files now loaded: 0)
Unloading 20 unused Assets / (36.1 KB). Loaded Objects now: 3597.
Memory consumption went from 211.7 MB to 211.6 MB.
Total: 3.753220 ms (FindLiveObjects: 0.280182 ms CreateObjectMapping: 0.199367 ms MarkObjects: 3.184469 ms  DeleteObjects: 0.088251 ms)

AssetImportParameters requested are different than current active one (requested -> active):
  custom:video-decoder-ogg-theora: a1e56fd34408186e4bbccfd4996cb3dc -> 
  custom:container-muxer-webm: aa71ff27fc2769a1b78a27578f13a17b -> 
  custom:container-demuxer-webm: 4f35f7cbe854078d1ac9338744f61a02 -> 
  custom:video-encoder-webm-vp8: eb34c28f22e8b96e1ab97ce403110664 -> 
  custom:framework-osx-AVFoundation: e770b220cccbd017edd2c1fefb359320 -> 
  custom:audio-encoder-webm-vorbis: bf7c407c2cedff20999df2af8eb42d56 -> 
  custom:container-demuxer-ogg: 62fdf1f143b41e24485cea50d1cbac27 -> 
  custom:video-decoder-webm-vp8: 9c59270c3fd7afecdb556c50c9e8de78 -> 
  custom:audio-decoder-ogg-vorbis: bf7c407c2cedff20999df2af8eb42d56 -> 
========================================================================
Received Prepare
Registering precompiled user dll's ...
Registered in 0.001700 seconds.
Begin MonoManager ReloadAssembly
Symbol file LoadedFromMemory doesn't match image /Users/kuta/Documents/GitHub/endlessQueriUnity/Library/PackageCache/com.unity.visualscripting@1.7.6/Editor/VisualScripting.Core/Dependencies/YamlDotNet/Unity.VisualScripting.YamlDotNet.dll
Symbol file LoadedFromMemory is not a mono symbol file
Symbol file LoadedFromMemory doesn't match image /Users/kuta/Documents/GitHub/endlessQueriUnity/Library/PackageCache/com.unity.visualscripting@1.7.6/Editor/VisualScripting.Core/Dependencies/DotNetZip/Unity.VisualScripting.IonicZip.dll
Native extension for OSXStandalone target not found
Native extension for WebGL target not found
Refreshing native plugins compatible for Editor in 0.92 ms, found 2 plugins.
Preloading 0 native plugins for Editor in 0.00 ms.
Mono: successfully reloaded assembly
- Completed reload, in  1.146 seconds
Domain Reload Profiling:
	ReloadAssembly (1146ms)
		BeginReloadAssembly (128ms)
			ExecutionOrderSort (0ms)
			DisableScriptedObjects (7ms)
			BackupInstance (0ms)
			ReleaseScriptingObjects (0ms)
			CreateAndSetChildDomain (39ms)
		EndReloadAssembly (907ms)
			LoadAssemblies (79ms)
			RebuildTransferFunctionScriptingTraits (0ms)
			SetupTypeCache (268ms)
			ReleaseScriptCaches (1ms)
			RebuildScriptCaches (55ms)
			SetupLoadedEditorAssemblies (412ms)
				LogAssemblyErrors (0ms)
				InitializePlatformSupportModulesInManaged (31ms)
				SetLoadedEditorAssemblies (1ms)
				RefreshPlugins (1ms)
				BeforeProcessingInitializeOnLoad (68ms)
				ProcessInitializeOnLoadAttributes (280ms)
				ProcessInitializeOnLoadMethodAttributes (30ms)
				AfterProcessingInitializeOnLoad (1ms)
				EditorAssembliesLoaded (0ms)
			ExecutionOrderSort2 (0ms)
			AwakeInstancesAfterBackupRestoration (5ms)
Platform modules already initialized, skipping
Refreshing native plugins compatible for Editor in 1.16 ms, found 2 plugins.
Preloading 0 native plugins for Editor in 0.00 ms.
Unloading 3110 Unused Serialized files (Serialized files now loaded: 0)
Unloading 13 unused Assets / (22.0 KB). Loaded Objects now: 3600.
Memory consumption went from 211.6 MB to 211.6 MB.
Total: 3.402728 ms (FindLiveObjects: 0.309345 ms CreateObjectMapping: 0.175541 ms MarkObjects: 2.892881 ms  DeleteObjects: 0.024050 ms)

AssetImportParameters requested are different than current active one (requested -> active):
  custom:video-decoder-ogg-theora: a1e56fd34408186e4bbccfd4996cb3dc -> 
  custom:container-muxer-webm: aa71ff27fc2769a1b78a27578f13a17b -> 
  custom:container-demuxer-webm: 4f35f7cbe854078d1ac9338744f61a02 -> 
  custom:video-encoder-webm-vp8: eb34c28f22e8b96e1ab97ce403110664 -> 
  custom:framework-osx-AVFoundation: e770b220cccbd017edd2c1fefb359320 -> 
  custom:audio-encoder-webm-vorbis: bf7c407c2cedff20999df2af8eb42d56 -> 
  custom:container-demuxer-ogg: 62fdf1f143b41e24485cea50d1cbac27 -> 
  custom:video-decoder-webm-vp8: 9c59270c3fd7afecdb556c50c9e8de78 -> 
  custom:audio-decoder-ogg-vorbis: bf7c407c2cedff20999df2af8eb42d56 -> 
========================================================================
Received Import Request.
  Time since last request: 9940.702553 seconds.
  path: Assets/Download/SU3DJPFont/Fonts/Limited/s1-mplus-1c-medium.ttf
  artifactKey: Guid(af783a4dc7118da428fa97b54a1e5dfa) Importer(815301076,1909f56bfc062723c751e8b465ee728b)
Start importing Assets/Download/SU3DJPFont/Fonts/Limited/s1-mplus-1c-medium.ttf using Guid(af783a4dc7118da428fa97b54a1e5dfa) Importer(815301076,1909f56bfc062723c751e8b465ee728b)  -> (artifact id: 'ca9e291f598737c0413fcd906baf74e5') in 2.874830 seconds 
========================================================================
Received Import Request.
  Time since last request: 0.000060 seconds.
  path: Assets/Download/SU3DJPFont/Fonts/Limited/s1-mplus-2c-medium.ttf
  artifactKey: Guid(c5b0c64c7b60359469073c540d8df04f) Importer(815301076,1909f56bfc062723c751e8b465ee728b)
Start importing Assets/Download/SU3DJPFont/Fonts/Limited/s1-mplus-2c-medium.ttf using Guid(c5b0c64c7b60359469073c540d8df04f) Importer(815301076,1909f56bfc062723c751e8b465ee728b)  -> (artifact id: 'f4827b353442b17568aac79bc8b591ac') in 0.034298 seconds 
========================================================================
Received Import Request.
  Time since last request: 0.000077 seconds.
  path: Assets/Download/SU3DJPFont/Fonts/MPlusTestflight60/mplus-2p-thin.ttf
  artifactKey: Guid(aacf6a09bbf1e664788c2744ab470681) Importer(815301076,1909f56bfc062723c751e8b465ee728b)
Start importing Assets/Download/SU3DJPFont/Fonts/MPlusTestflight60/mplus-2p-thin.ttf using Guid(aacf6a09bbf1e664788c2744ab470681) Importer(815301076,1909f56bfc062723c751e8b465ee728b)  -> (artifact id: '94a1cf28fbee78b2a933959a96c199ac') in 0.018834 seconds 
========================================================================
Received Import Request.
  Time since last request: 2.235984 seconds.
  path: Assets/Download/SU3DJPFont/Fonts/MPlusTestflight60/mplus-2p-medium.ttf
  artifactKey: Guid(33ba5080df195034aa054c58e86cf5f5) Importer(815301076,1909f56bfc062723c751e8b465ee728b)
Start importing Assets/Download/SU3DJPFont/Fonts/MPlusTestflight60/mplus-2p-medium.ttf using Guid(33ba5080df195034aa054c58e86cf5f5) Importer(815301076,1909f56bfc062723c751e8b465ee728b)  -> (artifact id: 'c41e011fc9230756c709a357052c5e37') in 0.022517 seconds 
========================================================================
Received Import Request.
  Time since last request: 0.129378 seconds.
  path: Assets/Download/SU3DJPFont/Fonts/MPlusTestflight60/mplus-2p-heavy.ttf
  artifactKey: Guid(d2af8c7e8b712bb4a956d8ddca140d02) Importer(815301076,1909f56bfc062723c751e8b465ee728b)
Start importing Assets/Download/SU3DJPFont/Fonts/MPlusTestflight60/mplus-2p-heavy.ttf using Guid(d2af8c7e8b712bb4a956d8ddca140d02) Importer(815301076,1909f56bfc062723c751e8b465ee728b)  -> (artifact id: '5e2ebec1f12cf947d44eb376fee28012') in 0.023364 seconds 
========================================================================
Received Import Request.
  Time since last request: 0.121826 seconds.
  path: Assets/Download/SU3DJPFont/Fonts/MPlusTestflight60/mplus-2p-black.ttf
  artifactKey: Guid(713ad0fc8788e4843a05a1e67be11b74) Importer(815301076,1909f56bfc062723c751e8b465ee728b)
Start importing Assets/Download/SU3DJPFont/Fonts/MPlusTestflight60/mplus-2p-black.ttf using Guid(713ad0fc8788e4843a05a1e67be11b74) Importer(815301076,1909f56bfc062723c751e8b465ee728b)  -> (artifact id: 'c8069740b7afa37c24fd5ca438b1e4da') in 0.020160 seconds 
========================================================================
Received Import Request.
  Time since last request: 0.184569 seconds.
  path: Assets/Download/SU3DJPFont/Fonts/MPlusTestflight60/mplus-2m-regular.ttf
  artifactKey: Guid(52c557479f6adb642b45060b3b5c7c16) Importer(815301076,1909f56bfc062723c751e8b465ee728b)
Start importing Assets/Download/SU3DJPFont/Fonts/MPlusTestflight60/mplus-2m-regular.ttf using Guid(52c557479f6adb642b45060b3b5c7c16) Importer(815301076,1909f56bfc062723c751e8b465ee728b)  -> (artifact id: 'd4ed015105fd35ab3902c538c564f003') in 0.028624 seconds 
========================================================================
Received Import Request.
  Time since last request: 0.169022 seconds.
  path: Assets/Download/SU3DJPFont/Fonts/MPlusTestflight60/mplus-2m-light.ttf
  artifactKey: Guid(381a3c75237c7a5488e9298f51a282a1) Importer(815301076,1909f56bfc062723c751e8b465ee728b)
Start importing Assets/Download/SU3DJPFont/Fonts/MPlusTestflight60/mplus-2m-light.ttf using Guid(381a3c75237c7a5488e9298f51a282a1) Importer(815301076,1909f56bfc062723c751e8b465ee728b)  -> (artifact id: '429b11295f4cc11ff0f5c5ebd2cadeab') in 0.024177 seconds 
========================================================================
Received Import Request.
  Time since last request: 1.060735 seconds.
  path: Assets/Download/SU3DJPFont/Fonts/MPlusTestflight60/mplus-2c-thin.ttf
  artifactKey: Guid(f82f6e0d549c45c4396246185a462e1d) Importer(815301076,1909f56bfc062723c751e8b465ee728b)
Start importing Assets/Download/SU3DJPFont/Fonts/MPlusTestflight60/mplus-2c-thin.ttf using Guid(f82f6e0d549c45c4396246185a462e1d) Importer(815301076,1909f56bfc062723c751e8b465ee728b)  -> (artifact id: '047690cce67d4a10ecb4e05ae2f0f25a') in 0.029881 seconds 
========================================================================
Received Import Request.
  Time since last request: 0.114754 seconds.
  path: Assets/Download/SU3DJPFont/Fonts/MPlusTestflight60/mplus-2c-medium.ttf
  artifactKey: Guid(e21d4af4ada4a1442bcb27262f4c20a0) Importer(815301076,1909f56bfc062723c751e8b465ee728b)
Start importing Assets/Download/SU3DJPFont/Fonts/MPlusTestflight60/mplus-2c-medium.ttf using Guid(e21d4af4ada4a1442bcb27262f4c20a0) Importer(815301076,1909f56bfc062723c751e8b465ee728b)  -> (artifact id: 'f17120989d3579db087c31f51ce40b01') in 0.028271 seconds 
========================================================================
Received Import Request.
  Time since last request: 0.466751 seconds.
  path: Assets/Download/SU3DJPFont/Fonts/MPlusTestflight60/mplus-2c-heavy.ttf
  artifactKey: Guid(26b84f9316527c0498207087e1eafde2) Importer(815301076,1909f56bfc062723c751e8b465ee728b)
Start importing Assets/Download/SU3DJPFont/Fonts/MPlusTestflight60/mplus-2c-heavy.ttf using Guid(26b84f9316527c0498207087e1eafde2) Importer(815301076,1909f56bfc062723c751e8b465ee728b)  -> (artifact id: '21c50772c3eaf75ffb555390e09c99ea') in 0.024331 seconds 
========================================================================
Received Import Request.
  Time since last request: 0.059676 seconds.
  path: Assets/Download/SU3DJPFont/Fonts/MPlusTestflight60/mplus-2c-black.ttf
  artifactKey: Guid(ed37ac09b7b397d499d47b77861e2fe3) Importer(815301076,1909f56bfc062723c751e8b465ee728b)
Start importing Assets/Download/SU3DJPFont/Fonts/MPlusTestflight60/mplus-2c-black.ttf using Guid(ed37ac09b7b397d499d47b77861e2fe3) Importer(815301076,1909f56bfc062723c751e8b465ee728b)  -> (artifact id: '64e27ab191d3d23130f8e537375d23ff') in 0.015723 seconds 
========================================================================
Received Import Request.
  Time since last request: 0.053992 seconds.
  path: Assets/Download/SU3DJPFont/Fonts/MPlusTestflight60/mplus-1p-regular.ttf
  artifactKey: Guid(bb7bf971099b1c14aa43c44bd24fc573) Importer(815301076,1909f56bfc062723c751e8b465ee728b)
Start importing Assets/Download/SU3DJPFont/Fonts/MPlusTestflight60/mplus-1p-regular.ttf using Guid(bb7bf971099b1c14aa43c44bd24fc573) Importer(815301076,1909f56bfc062723c751e8b465ee728b)  -> (artifact id: '96f3843225722b06b4c78d20cbdedd3e') in 0.015286 seconds 
========================================================================
Received Import Request.
  Time since last request: 0.060662 seconds.
  path: Assets/Download/SU3DJPFont/Fonts/MPlusTestflight60/mplus-1p-light.ttf
  artifactKey: Guid(9eae05575b38e1740ac305d86ca76031) Importer(815301076,1909f56bfc062723c751e8b465ee728b)
Start importing Assets/Download/SU3DJPFont/Fonts/MPlusTestflight60/mplus-1p-light.ttf using Guid(9eae05575b38e1740ac305d86ca76031) Importer(815301076,1909f56bfc062723c751e8b465ee728b)  -> (artifact id: 'aa65d3ee60e3a86d8e37169a085068f0') in 0.018094 seconds 
========================================================================
Received Import Request.
  Time since last request: 0.063554 seconds.
  path: Assets/Download/SU3DJPFont/Fonts/MPlusTestflight60/mplus-1p-bold.ttf
  artifactKey: Guid(d22d91c285ac82849bc2563a6707d20b) Importer(815301076,1909f56bfc062723c751e8b465ee728b)
Start importing Assets/Download/SU3DJPFont/Fonts/MPlusTestflight60/mplus-1p-bold.ttf using Guid(d22d91c285ac82849bc2563a6707d20b) Importer(815301076,1909f56bfc062723c751e8b465ee728b)  -> (artifact id: '6a6912caa0788209ee0f99ebf9c537b8') in 0.016950 seconds 
========================================================================
Received Import Request.
  Time since last request: 0.059936 seconds.
  path: Assets/Download/SU3DJPFont/Fonts/MPlusTestflight60/mplus-1mn-thin.ttf
  artifactKey: Guid(0d43dcac5e496144e868c7df425fb374) Importer(815301076,1909f56bfc062723c751e8b465ee728b)
Start importing Assets/Download/SU3DJPFont/Fonts/MPlusTestflight60/mplus-1mn-thin.ttf using Guid(0d43dcac5e496144e868c7df425fb374) Importer(815301076,1909f56bfc062723c751e8b465ee728b)  -> (artifact id: 'c19d4da276041dd0b6d94ec44912e19d') in 0.016327 seconds 
========================================================================
Received Import Request.
  Time since last request: 0.059939 seconds.
  path: Assets/Download/SU3DJPFont/Fonts/MPlusTestflight60/mplus-1mn-medium.ttf
  artifactKey: Guid(693633b0f26082e4a9cb35d1f8fe5c50) Importer(815301076,1909f56bfc062723c751e8b465ee728b)
Start importing Assets/Download/SU3DJPFont/Fonts/MPlusTestflight60/mplus-1mn-medium.ttf using Guid(693633b0f26082e4a9cb35d1f8fe5c50) Importer(815301076,1909f56bfc062723c751e8b465ee728b)  -> (artifact id: '0dbc80ff2a454ecc85dbc9fe94f51024') in 0.016896 seconds 
========================================================================
Received Import Request.
  Time since last request: 0.061965 seconds.
  path: Assets/Download/SU3DJPFont/Fonts/MPlusTestflight60/mplus-1mn-bold.ttf
  artifactKey: Guid(61becaa4fedde64479b92990d9ceb0e7) Importer(815301076,1909f56bfc062723c751e8b465ee728b)
Start importing Assets/Download/SU3DJPFont/Fonts/MPlusTestflight60/mplus-1mn-bold.ttf using Guid(61becaa4fedde64479b92990d9ceb0e7) Importer(815301076,1909f56bfc062723c751e8b465ee728b)  -> (artifact id: 'e4951a8a697f7746775f78b61ec19e64') in 0.019504 seconds 
========================================================================
Received Import Request.
  Time since last request: 0.064740 seconds.
  path: Assets/Download/SU3DJPFont/Fonts/MPlusTestflight60/mplus-1m-regular.ttf
  artifactKey: Guid(5b510769ddba50845a81da25103a8b73) Importer(815301076,1909f56bfc062723c751e8b465ee728b)
Start importing Assets/Download/SU3DJPFont/Fonts/MPlusTestflight60/mplus-1m-regular.ttf using Guid(5b510769ddba50845a81da25103a8b73) Importer(815301076,1909f56bfc062723c751e8b465ee728b)  -> (artifact id: '705247d8348924f870c56aaec2532fd8') in 0.016105 seconds 
========================================================================
Received Import Request.
  Time since last request: 0.078464 seconds.
  path: Assets/Download/SU3DJPFont/Fonts/MPlusTestflight60/mplus-1m-light.ttf
  artifactKey: Guid(b094e267f0d6a8341815a7eca30f04fa) Importer(815301076,1909f56bfc062723c751e8b465ee728b)
Start importing Assets/Download/SU3DJPFont/Fonts/MPlusTestflight60/mplus-1m-light.ttf using Guid(b094e267f0d6a8341815a7eca30f04fa) Importer(815301076,1909f56bfc062723c751e8b465ee728b)  -> (artifact id: '8e30b308880b427765c140120eabb7ea') in 0.017874 seconds 
========================================================================
Received Import Request.
  Time since last request: 0.038038 seconds.
  path: Assets/Download/SU3DJPFont/Fonts/MPlusTestflight60/mplus-1c-thin.ttf
  artifactKey: Guid(5f3edff6d7c989d42855196f819dd804) Importer(815301076,1909f56bfc062723c751e8b465ee728b)
Start importing Assets/Download/SU3DJPFont/Fonts/MPlusTestflight60/mplus-1c-thin.ttf using Guid(5f3edff6d7c989d42855196f819dd804) Importer(815301076,1909f56bfc062723c751e8b465ee728b)  -> (artifact id: 'c322d14a6248a40c33d82b9af63516ef') in 0.034080 seconds 
========================================================================
Received Import Request.
  Time since last request: 0.042309 seconds.
  path: Assets/Download/SU3DJPFont/Fonts/MPlusTestflight60/mplus-1c-medium.ttf
  artifactKey: Guid(6f1de2168b8b1de499b7aa122334162e) Importer(815301076,1909f56bfc062723c751e8b465ee728b)
Start importing Assets/Download/SU3DJPFont/Fonts/MPlusTestflight60/mplus-1c-medium.ttf using Guid(6f1de2168b8b1de499b7aa122334162e) Importer(815301076,1909f56bfc062723c751e8b465ee728b)  -> (artifact id: 'ff78a577010945d10ae1120381eae3d8') in 0.016104 seconds 
========================================================================
Received Import Request.
  Time since last request: 0.063580 seconds.
  path: Assets/Download/SU3DJPFont/Fonts/MPlusTestflight60/mplus-1c-heavy.ttf
  artifactKey: Guid(bdb6cca785a51c2418e27f3da4b87587) Importer(815301076,1909f56bfc062723c751e8b465ee728b)
Start importing Assets/Download/SU3DJPFont/Fonts/MPlusTestflight60/mplus-1c-heavy.ttf using Guid(bdb6cca785a51c2418e27f3da4b87587) Importer(815301076,1909f56bfc062723c751e8b465ee728b)  -> (artifact id: '99fef7e13097490386bec4f1d90699a0') in 0.016695 seconds 
========================================================================
Received Prepare
Refreshing native plugins compatible for Editor in 5.72 ms, found 2 plugins.
Preloading 0 native plugins for Editor in 0.00 ms.
Unloading 13 Unused Serialized files (Serialized files now loaded: 0)
Unloading 13 unused Assets / (21.9 KB). Loaded Objects now: 3646.
Memory consumption went from 160.7 MB to 160.6 MB.
Total: 3.581748 ms (FindLiveObjects: 0.264037 ms CreateObjectMapping: 0.169243 ms MarkObjects: 3.130790 ms  DeleteObjects: 0.017013 ms)

AssetImportParameters requested are different than current active one (requested -> active):
  custom:video-decoder-ogg-theora: a1e56fd34408186e4bbccfd4996cb3dc -> 
  custom:container-muxer-webm: aa71ff27fc2769a1b78a27578f13a17b -> 
  custom:container-demuxer-webm: 4f35f7cbe854078d1ac9338744f61a02 -> 
  custom:video-encoder-webm-vp8: eb34c28f22e8b96e1ab97ce403110664 -> 
  custom:framework-osx-AVFoundation: e770b220cccbd017edd2c1fefb359320 -> 
  custom:audio-encoder-webm-vorbis: bf7c407c2cedff20999df2af8eb42d56 -> 
  custom:container-demuxer-ogg: 62fdf1f143b41e24485cea50d1cbac27 -> 
  custom:video-decoder-webm-vp8: 9c59270c3fd7afecdb556c50c9e8de78 -> 
  custom:audio-decoder-ogg-vorbis: bf7c407c2cedff20999df2af8eb42d56 -> 
AssetImportWorkerClient::OnTransportError - code=2 error=End of file
