Unity Editor version:    2021.3.1f1 (3b70a0754835)
Branch:                  2021.3/staging
Build type:              Release
Batch mode:              YES
macOS version:           Version 12.3.1 (Build 21E258)
Darwin version:          21.4.0
Architecture:            x86_64
Running under Rosetta:   NO
Available memory:        16384 MB
Using pre-set license
Pro License: YES

COMMAND LINE ARGUMENTS:
/Applications/Unity/Hub/Editor/2021.3.1f1/Unity.app/Contents/MacOS/Unity
-adb2
-batchMode
-noUpm
-name
AssetImportWorker0
-projectPath
/Users/kuta/Documents/GitHub/endlessQueriUnity
-logFile
Logs/AssetImportWorker0.log
-srvPort
57377
Successfully changed project path to: /Users/kuta/Documents/GitHub/endlessQueriUnity
/Users/kuta/Documents/GitHub/endlessQueriUnity
[UnityMemory] Configuration Parameters - Can be set up in boot.config
    "memorysetup-bucket-allocator-granularity=16"
    "memorysetup-bucket-allocator-bucket-count=8"
    "memorysetup-bucket-allocator-block-size=33554432"
    "memorysetup-bucket-allocator-block-count=8"
    "memorysetup-main-allocator-block-size=16777216"
    "memorysetup-thread-allocator-block-size=16777216"
    "memorysetup-gfx-main-allocator-block-size=16777216"
    "memorysetup-gfx-thread-allocator-block-size=16777216"
    "memorysetup-cache-allocator-block-size=4194304"
    "memorysetup-typetree-allocator-block-size=2097152"
    "memorysetup-profiler-bucket-allocator-granularity=16"
    "memorysetup-profiler-bucket-allocator-bucket-count=8"
    "memorysetup-profiler-bucket-allocator-block-size=33554432"
    "memorysetup-profiler-bucket-allocator-block-count=8"
    "memorysetup-profiler-allocator-block-size=16777216"
    "memorysetup-profiler-editor-allocator-block-size=1048576"
    "memorysetup-temp-allocator-size-main=16777216"
    "memorysetup-job-temp-allocator-block-size=2097152"
    "memorysetup-job-temp-allocator-block-size-background=1048576"
    "memorysetup-job-temp-allocator-reduction-small-platforms=262144"
    "memorysetup-temp-allocator-size-background-worker=32768"
    "memorysetup-temp-allocator-size-job-worker=262144"
    "memorysetup-temp-allocator-size-preload-manager=33554432"
    "memorysetup-temp-allocator-size-nav-mesh-worker=65536"
    "memorysetup-temp-allocator-size-audio-worker=65536"
    "memorysetup-temp-allocator-size-cloud-worker=32768"
    "memorysetup-temp-allocator-size-gi-baking-worker=262144"
    "memorysetup-temp-allocator-size-gfx=262144"
Refreshing native plugins compatible for Editor in 104.02 ms, found 2 plugins.
Preloading 0 native plugins for Editor in 0.00 ms.
Initialize engine version: 2021.3.1f1 (3b70a0754835)
[Subsystems] Discovering subsystems at path /Applications/Unity/Hub/Editor/2021.3.1f1/Unity.app/Contents/Resources/UnitySubsystems
[Subsystems] Discovering subsystems at path /Users/kuta/Documents/GitHub/endlessQueriUnity/Assets
GfxDevice: creating device client; threaded=0; jobified=0
Color LCD preferred device: AMD Radeon Pro 555X (high power)
Metal devices available: 2
0: AMD Radeon Pro 555X (high power)
1: Intel(R) UHD Graphics 630 (low power)
Using device AMD Radeon Pro 555X (high power)
Initializing Metal device caps: AMD Radeon Pro 555X
Initialize mono
Mono path[0] = '/Applications/Unity/Hub/Editor/2021.3.1f1/Unity.app/Contents/Managed'
Mono path[1] = '/Applications/Unity/Hub/Editor/2021.3.1f1/Unity.app/Contents/MonoBleedingEdge/lib/mono/unityjit-macos'
Mono config path = '/Applications/Unity/Hub/Editor/2021.3.1f1/Unity.app/Contents/MonoBleedingEdge/etc'
Using monoOptions --debugger-agent=transport=dt_socket,embedding=1,server=y,suspend=n,address=127.0.0.1:56750
Begin MonoManager ReloadAssembly
Registering precompiled unity dll's ...
Register platform support module: /Applications/Unity/Hub/Editor/2021.3.1f1/PlaybackEngines/WebGLSupport/UnityEditor.WebGL.Extensions.dll
Register platform support module: /Applications/Unity/Hub/Editor/2021.3.1f1/Unity.app/Contents/PlaybackEngines/MacStandaloneSupport/UnityEditor.OSXStandalone.Extensions.dll
Registered in 0.005141 seconds.
Native extension for OSXStandalone target not found
Native extension for WebGL target not found
Refreshing native plugins compatible for Editor in 104.81 ms, found 2 plugins.
Preloading 0 native plugins for Editor in 0.00 ms.
Mono: successfully reloaded assembly
- Completed reload, in  1.060 seconds
Domain Reload Profiling:
	ReloadAssembly (1061ms)
		BeginReloadAssembly (143ms)
			ExecutionOrderSort (0ms)
			DisableScriptedObjects (0ms)
			BackupInstance (0ms)
			ReleaseScriptingObjects (0ms)
			CreateAndSetChildDomain (1ms)
		EndReloadAssembly (659ms)
			LoadAssemblies (144ms)
			RebuildTransferFunctionScriptingTraits (0ms)
			SetupTypeCache (168ms)
			ReleaseScriptCaches (0ms)
			RebuildScriptCaches (46ms)
			SetupLoadedEditorAssemblies (380ms)
				LogAssemblyErrors (0ms)
				InitializePlatformSupportModulesInManaged (12ms)
				SetLoadedEditorAssemblies (0ms)
				RefreshPlugins (105ms)
				BeforeProcessingInitializeOnLoad (1ms)
				ProcessInitializeOnLoadAttributes (201ms)
				ProcessInitializeOnLoadMethodAttributes (60ms)
				AfterProcessingInitializeOnLoad (0ms)
				EditorAssembliesLoaded (0ms)
			ExecutionOrderSort2 (0ms)
			AwakeInstancesAfterBackupRestoration (0ms)
Platform modules already initialized, skipping
Registering precompiled user dll's ...
Registered in 0.006464 seconds.
Begin MonoManager ReloadAssembly
Symbol file LoadedFromMemory doesn't match image /Users/kuta/Documents/GitHub/endlessQueriUnity/Library/PackageCache/com.unity.visualscripting@1.7.6/Editor/VisualScripting.Core/Dependencies/YamlDotNet/Unity.VisualScripting.YamlDotNet.dll
Symbol file LoadedFromMemory is not a mono symbol file
Symbol file LoadedFromMemory doesn't match image /Users/kuta/Documents/GitHub/endlessQueriUnity/Library/PackageCache/com.unity.visualscripting@1.7.6/Editor/VisualScripting.Core/Dependencies/DotNetZip/Unity.VisualScripting.IonicZip.dll
Native extension for OSXStandalone target not found
Native extension for WebGL target not found
Refreshing native plugins compatible for Editor in 1.04 ms, found 2 plugins.
Preloading 0 native plugins for Editor in 0.00 ms.
Mono: successfully reloaded assembly
- Completed reload, in  1.406 seconds
Domain Reload Profiling:
	ReloadAssembly (1407ms)
		BeginReloadAssembly (145ms)
			ExecutionOrderSort (0ms)
			DisableScriptedObjects (7ms)
			BackupInstance (0ms)
			ReleaseScriptingObjects (0ms)
			CreateAndSetChildDomain (25ms)
		EndReloadAssembly (1099ms)
			LoadAssemblies (135ms)
			RebuildTransferFunctionScriptingTraits (0ms)
			SetupTypeCache (325ms)
			ReleaseScriptCaches (1ms)
			RebuildScriptCaches (86ms)
			SetupLoadedEditorAssemblies (500ms)
				LogAssemblyErrors (0ms)
				InitializePlatformSupportModulesInManaged (6ms)
				SetLoadedEditorAssemblies (1ms)
				RefreshPlugins (1ms)
				BeforeProcessingInitializeOnLoad (85ms)
				ProcessInitializeOnLoadAttributes (368ms)
				ProcessInitializeOnLoadMethodAttributes (37ms)
				AfterProcessingInitializeOnLoad (1ms)
				EditorAssembliesLoaded (0ms)
			ExecutionOrderSort2 (0ms)
			AwakeInstancesAfterBackupRestoration (6ms)
Platform modules already initialized, skipping
========================================================================
Worker process is ready to serve import requests
Launching external process: /Applications/Unity/Hub/Editor/2021.3.1f1/Unity.app/Contents/Tools/UnityShaderCompiler
Launched and connected shader compiler UnityShaderCompiler after 0.08 seconds
Refreshing native plugins compatible for Editor in 0.63 ms, found 2 plugins.
Preloading 0 native plugins for Editor in 0.00 ms.
Unloading 3132 Unused Serialized files (Serialized files now loaded: 0)
Unloading 20 unused Assets / (36.1 KB). Loaded Objects now: 3597.
Memory consumption went from 211.7 MB to 211.6 MB.
Total: 3.724597 ms (FindLiveObjects: 0.293931 ms CreateObjectMapping: 0.221069 ms MarkObjects: 3.119152 ms  DeleteObjects: 0.089337 ms)

AssetImportParameters requested are different than current active one (requested -> active):
  custom:video-decoder-ogg-theora: a1e56fd34408186e4bbccfd4996cb3dc -> 
  custom:container-muxer-webm: aa71ff27fc2769a1b78a27578f13a17b -> 
  custom:container-demuxer-webm: 4f35f7cbe854078d1ac9338744f61a02 -> 
  custom:video-encoder-webm-vp8: eb34c28f22e8b96e1ab97ce403110664 -> 
  custom:framework-osx-AVFoundation: e770b220cccbd017edd2c1fefb359320 -> 
  custom:audio-encoder-webm-vorbis: bf7c407c2cedff20999df2af8eb42d56 -> 
  custom:container-demuxer-ogg: 62fdf1f143b41e24485cea50d1cbac27 -> 
  custom:video-decoder-webm-vp8: 9c59270c3fd7afecdb556c50c9e8de78 -> 
  custom:audio-decoder-ogg-vorbis: bf7c407c2cedff20999df2af8eb42d56 -> 
========================================================================
Received Prepare
Registering precompiled user dll's ...
Registered in 0.001660 seconds.
Begin MonoManager ReloadAssembly
Symbol file LoadedFromMemory doesn't match image /Users/kuta/Documents/GitHub/endlessQueriUnity/Library/PackageCache/com.unity.visualscripting@1.7.6/Editor/VisualScripting.Core/Dependencies/YamlDotNet/Unity.VisualScripting.YamlDotNet.dll
Symbol file LoadedFromMemory is not a mono symbol file
Symbol file LoadedFromMemory doesn't match image /Users/kuta/Documents/GitHub/endlessQueriUnity/Library/PackageCache/com.unity.visualscripting@1.7.6/Editor/VisualScripting.Core/Dependencies/DotNetZip/Unity.VisualScripting.IonicZip.dll
Native extension for OSXStandalone target not found
Native extension for WebGL target not found
Refreshing native plugins compatible for Editor in 0.90 ms, found 2 plugins.
Preloading 0 native plugins for Editor in 0.00 ms.
Mono: successfully reloaded assembly
- Completed reload, in  1.145 seconds
Domain Reload Profiling:
	ReloadAssembly (1146ms)
		BeginReloadAssembly (128ms)
			ExecutionOrderSort (0ms)
			DisableScriptedObjects (7ms)
			BackupInstance (0ms)
			ReleaseScriptingObjects (0ms)
			CreateAndSetChildDomain (40ms)
		EndReloadAssembly (907ms)
			LoadAssemblies (78ms)
			RebuildTransferFunctionScriptingTraits (0ms)
			SetupTypeCache (270ms)
			ReleaseScriptCaches (1ms)
			RebuildScriptCaches (55ms)
			SetupLoadedEditorAssemblies (404ms)
				LogAssemblyErrors (0ms)
				InitializePlatformSupportModulesInManaged (22ms)
				SetLoadedEditorAssemblies (1ms)
				RefreshPlugins (1ms)
				BeforeProcessingInitializeOnLoad (71ms)
				ProcessInitializeOnLoadAttributes (278ms)
				ProcessInitializeOnLoadMethodAttributes (29ms)
				AfterProcessingInitializeOnLoad (2ms)
				EditorAssembliesLoaded (0ms)
			ExecutionOrderSort2 (0ms)
			AwakeInstancesAfterBackupRestoration (5ms)
Platform modules already initialized, skipping
Refreshing native plugins compatible for Editor in 1.13 ms, found 2 plugins.
Preloading 0 native plugins for Editor in 0.00 ms.
Unloading 3110 Unused Serialized files (Serialized files now loaded: 0)
Unloading 13 unused Assets / (21.9 KB). Loaded Objects now: 3600.
Memory consumption went from 211.6 MB to 211.6 MB.
Total: 3.367123 ms (FindLiveObjects: 0.293524 ms CreateObjectMapping: 0.178200 ms MarkObjects: 2.871026 ms  DeleteObjects: 0.023247 ms)

AssetImportParameters requested are different than current active one (requested -> active):
  custom:video-decoder-ogg-theora: a1e56fd34408186e4bbccfd4996cb3dc -> 
  custom:container-muxer-webm: aa71ff27fc2769a1b78a27578f13a17b -> 
  custom:container-demuxer-webm: 4f35f7cbe854078d1ac9338744f61a02 -> 
  custom:video-encoder-webm-vp8: eb34c28f22e8b96e1ab97ce403110664 -> 
  custom:framework-osx-AVFoundation: e770b220cccbd017edd2c1fefb359320 -> 
  custom:audio-encoder-webm-vorbis: bf7c407c2cedff20999df2af8eb42d56 -> 
  custom:container-demuxer-ogg: 62fdf1f143b41e24485cea50d1cbac27 -> 
  custom:video-decoder-webm-vp8: 9c59270c3fd7afecdb556c50c9e8de78 -> 
  custom:audio-decoder-ogg-vorbis: bf7c407c2cedff20999df2af8eb42d56 -> 
========================================================================
Received Import Request.
  Time since last request: 9645.008792 seconds.
  path: Assets/Scenes/Main.unity
  artifactKey: Guid(8492c160876c51f49b3c29639f434e45) Importer(815301076,1909f56bfc062723c751e8b465ee728b)
Start importing Assets/Scenes/Main.unity using Guid(8492c160876c51f49b3c29639f434e45) Importer(815301076,1909f56bfc062723c751e8b465ee728b)  -> (artifact id: 'f72f758e415708fff71d40a2205dd0e8') in 0.006047 seconds 
========================================================================
Received Import Request.
  Time since last request: 159.281963 seconds.
  path: Assets/Scenes/Title.unity
  artifactKey: Guid(252c0b283f6d9452d8c7f8fa269548c2) Importer(815301076,1909f56bfc062723c751e8b465ee728b)
Start importing Assets/Scenes/Title.unity using Guid(252c0b283f6d9452d8c7f8fa269548c2) Importer(815301076,1909f56bfc062723c751e8b465ee728b)  -> (artifact id: 'd9563b41d0b62396a7f1af2ddf834557') in 0.000811 seconds 
========================================================================
Received Import Request.
  Time since last request: 136.387894 seconds.
  path: Assets/Download/SU3DJPFont/Fonts/Limited/s1-mplus-1c-light.ttf
  artifactKey: Guid(596c1fd1351a65540b8f6baeb5c83ccb) Importer(815301076,1909f56bfc062723c751e8b465ee728b)
Start importing Assets/Download/SU3DJPFont/Fonts/Limited/s1-mplus-1c-light.ttf using Guid(596c1fd1351a65540b8f6baeb5c83ccb) Importer(815301076,1909f56bfc062723c751e8b465ee728b)  -> (artifact id: '0235af42cea2196ce918182faf72f709') in 2.861160 seconds 
========================================================================
Received Import Request.
  Time since last request: 0.000095 seconds.
  path: Assets/Download/SU3DJPFont/Fonts/Limited/s1-mplus-2c-light.ttf
  artifactKey: Guid(7cdce05fcfb48654086c5674f5dd29ca) Importer(815301076,1909f56bfc062723c751e8b465ee728b)
Start importing Assets/Download/SU3DJPFont/Fonts/Limited/s1-mplus-2c-light.ttf using Guid(7cdce05fcfb48654086c5674f5dd29ca) Importer(815301076,1909f56bfc062723c751e8b465ee728b)  -> (artifact id: '441d9c058dce548d15153e5df483d03e') in 0.046056 seconds 
========================================================================
Received Import Request.
  Time since last request: 0.000076 seconds.
  path: Assets/Download/SU3DJPFont/Fonts/MPlusTestflight60/mplus-2p-regular.ttf
  artifactKey: Guid(52ce23d6820ebbd4588456dd3c944df9) Importer(815301076,1909f56bfc062723c751e8b465ee728b)
Start importing Assets/Download/SU3DJPFont/Fonts/MPlusTestflight60/mplus-2p-regular.ttf using Guid(52ce23d6820ebbd4588456dd3c944df9) Importer(815301076,1909f56bfc062723c751e8b465ee728b)  -> (artifact id: '3b032a2d2b10493e8d087b1d3d232e03') in 0.018270 seconds 
========================================================================
Received Import Request.
  Time since last request: 2.242520 seconds.
  path: Assets/Download/SU3DJPFont/Fonts/MPlusTestflight60/mplus-2p-light.ttf
  artifactKey: Guid(57c92973c1933254089ea5b3c48adf65) Importer(815301076,1909f56bfc062723c751e8b465ee728b)
Start importing Assets/Download/SU3DJPFont/Fonts/MPlusTestflight60/mplus-2p-light.ttf using Guid(57c92973c1933254089ea5b3c48adf65) Importer(815301076,1909f56bfc062723c751e8b465ee728b)  -> (artifact id: '7c481e00ffac7b5bd582867fc08e7868') in 0.023013 seconds 
========================================================================
Received Import Request.
  Time since last request: 0.128844 seconds.
  path: Assets/Download/SU3DJPFont/Fonts/MPlusTestflight60/mplus-2p-bold.ttf
  artifactKey: Guid(957961a2f2fb44042809544e043b69c8) Importer(815301076,1909f56bfc062723c751e8b465ee728b)
Start importing Assets/Download/SU3DJPFont/Fonts/MPlusTestflight60/mplus-2p-bold.ttf using Guid(957961a2f2fb44042809544e043b69c8) Importer(815301076,1909f56bfc062723c751e8b465ee728b)  -> (artifact id: '35321cfd0bee9601252664b298e5a74a') in 0.023507 seconds 
========================================================================
Received Import Request.
  Time since last request: 0.121903 seconds.
  path: Assets/Download/SU3DJPFont/Fonts/MPlusTestflight60/mplus-2m-thin.ttf
  artifactKey: Guid(49c6f13e1689b5246aec6c7a3a1e2240) Importer(815301076,1909f56bfc062723c751e8b465ee728b)
Start importing Assets/Download/SU3DJPFont/Fonts/MPlusTestflight60/mplus-2m-thin.ttf using Guid(49c6f13e1689b5246aec6c7a3a1e2240) Importer(815301076,1909f56bfc062723c751e8b465ee728b)  -> (artifact id: 'e79d76e229e2353eb3fc4233b869be6c') in 0.019801 seconds 
========================================================================
Received Import Request.
  Time since last request: 0.184879 seconds.
  path: Assets/Download/SU3DJPFont/Fonts/MPlusTestflight60/mplus-2m-medium.ttf
  artifactKey: Guid(c0d30712f09cc2649b1487cc257bf235) Importer(815301076,1909f56bfc062723c751e8b465ee728b)
Start importing Assets/Download/SU3DJPFont/Fonts/MPlusTestflight60/mplus-2m-medium.ttf using Guid(c0d30712f09cc2649b1487cc257bf235) Importer(815301076,1909f56bfc062723c751e8b465ee728b)  -> (artifact id: '7c6a07b0cfe597f3b453281f3ee2f45e') in 0.028058 seconds 
========================================================================
Received Import Request.
  Time since last request: 0.170005 seconds.
  path: Assets/Download/SU3DJPFont/Fonts/MPlusTestflight60/mplus-2m-bold.ttf
  artifactKey: Guid(1aed92eefee870545a2d5e19bfa51307) Importer(815301076,1909f56bfc062723c751e8b465ee728b)
Start importing Assets/Download/SU3DJPFont/Fonts/MPlusTestflight60/mplus-2m-bold.ttf using Guid(1aed92eefee870545a2d5e19bfa51307) Importer(815301076,1909f56bfc062723c751e8b465ee728b)  -> (artifact id: '071a0c1bb207f284b19099dcc14533d4') in 0.024387 seconds 
========================================================================
Received Import Request.
  Time since last request: 1.060742 seconds.
  path: Assets/Download/SU3DJPFont/Fonts/MPlusTestflight60/mplus-2c-regular.ttf
  artifactKey: Guid(7a744464177b17945a83e77b87e70d5e) Importer(815301076,1909f56bfc062723c751e8b465ee728b)
Start importing Assets/Download/SU3DJPFont/Fonts/MPlusTestflight60/mplus-2c-regular.ttf using Guid(7a744464177b17945a83e77b87e70d5e) Importer(815301076,1909f56bfc062723c751e8b465ee728b)  -> (artifact id: 'a2af47c06b729fc3b733f4c713801cdc') in 0.029984 seconds 
========================================================================
Received Import Request.
  Time since last request: 0.114744 seconds.
  path: Assets/Download/SU3DJPFont/Fonts/MPlusTestflight60/mplus-2c-light.ttf
  artifactKey: Guid(0bf4dd404c55e6a498cb2b9fc87a7d96) Importer(815301076,1909f56bfc062723c751e8b465ee728b)
Start importing Assets/Download/SU3DJPFont/Fonts/MPlusTestflight60/mplus-2c-light.ttf using Guid(0bf4dd404c55e6a498cb2b9fc87a7d96) Importer(815301076,1909f56bfc062723c751e8b465ee728b)  -> (artifact id: 'a97396de7d38437727bc7476f5ad728d') in 0.028665 seconds 
========================================================================
Received Import Request.
  Time since last request: 0.466414 seconds.
  path: Assets/Download/SU3DJPFont/Fonts/MPlusTestflight60/mplus-2c-bold.ttf
  artifactKey: Guid(550e39a93bdf11c4eb1ab20d722406be) Importer(815301076,1909f56bfc062723c751e8b465ee728b)
Start importing Assets/Download/SU3DJPFont/Fonts/MPlusTestflight60/mplus-2c-bold.ttf using Guid(550e39a93bdf11c4eb1ab20d722406be) Importer(815301076,1909f56bfc062723c751e8b465ee728b)  -> (artifact id: '98cc45159475e14341fef4b0dde4d4ff') in 0.024534 seconds 
========================================================================
Received Import Request.
  Time since last request: 0.059096 seconds.
  path: Assets/Download/SU3DJPFont/Fonts/MPlusTestflight60/mplus-1p-thin.ttf
  artifactKey: Guid(4f1f90e5319c1b647a883bd5191b6ff9) Importer(815301076,1909f56bfc062723c751e8b465ee728b)
Start importing Assets/Download/SU3DJPFont/Fonts/MPlusTestflight60/mplus-1p-thin.ttf using Guid(4f1f90e5319c1b647a883bd5191b6ff9) Importer(815301076,1909f56bfc062723c751e8b465ee728b)  -> (artifact id: '1d95c3533adc558491c7e77a9abe3d53') in 0.016058 seconds 
========================================================================
Received Import Request.
  Time since last request: 0.053951 seconds.
  path: Assets/Download/SU3DJPFont/Fonts/MPlusTestflight60/mplus-1p-medium.ttf
  artifactKey: Guid(ef284d01c8f49b74595294c5f4296784) Importer(815301076,1909f56bfc062723c751e8b465ee728b)
Start importing Assets/Download/SU3DJPFont/Fonts/MPlusTestflight60/mplus-1p-medium.ttf using Guid(ef284d01c8f49b74595294c5f4296784) Importer(815301076,1909f56bfc062723c751e8b465ee728b)  -> (artifact id: 'be03739c4a9cb6d08c7f9cb4785a1be5') in 0.015372 seconds 
========================================================================
Received Import Request.
  Time since last request: 0.060598 seconds.
  path: Assets/Download/SU3DJPFont/Fonts/MPlusTestflight60/mplus-1p-heavy.ttf
  artifactKey: Guid(9d4178bd3264b6243a243a254b89f286) Importer(815301076,1909f56bfc062723c751e8b465ee728b)
Start importing Assets/Download/SU3DJPFont/Fonts/MPlusTestflight60/mplus-1p-heavy.ttf using Guid(9d4178bd3264b6243a243a254b89f286) Importer(815301076,1909f56bfc062723c751e8b465ee728b)  -> (artifact id: 'ee0307affb676cf620b5fcd1317c454e') in 0.017503 seconds 
========================================================================
Received Import Request.
  Time since last request: 0.063949 seconds.
  path: Assets/Download/SU3DJPFont/Fonts/MPlusTestflight60/mplus-1p-black.ttf
  artifactKey: Guid(e1ad4755b7977484ca371b50c9b219d1) Importer(815301076,1909f56bfc062723c751e8b465ee728b)
Start importing Assets/Download/SU3DJPFont/Fonts/MPlusTestflight60/mplus-1p-black.ttf using Guid(e1ad4755b7977484ca371b50c9b219d1) Importer(815301076,1909f56bfc062723c751e8b465ee728b)  -> (artifact id: 'c2cd953f2b87331699167275d7b47b29') in 0.017108 seconds 
========================================================================
Received Import Request.
  Time since last request: 0.060073 seconds.
  path: Assets/Download/SU3DJPFont/Fonts/MPlusTestflight60/mplus-1mn-regular.ttf
  artifactKey: Guid(8a30ff51f11ad8641b65063283610191) Importer(815301076,1909f56bfc062723c751e8b465ee728b)
Start importing Assets/Download/SU3DJPFont/Fonts/MPlusTestflight60/mplus-1mn-regular.ttf using Guid(8a30ff51f11ad8641b65063283610191) Importer(815301076,1909f56bfc062723c751e8b465ee728b)  -> (artifact id: 'fdbd62d380e361484c10eda712e85d0b') in 0.016294 seconds 
========================================================================
Received Import Request.
  Time since last request: 0.059822 seconds.
  path: Assets/Download/SU3DJPFont/Fonts/MPlusTestflight60/mplus-1mn-light.ttf
  artifactKey: Guid(07bc55e40a51311439ec10a387f4d877) Importer(815301076,1909f56bfc062723c751e8b465ee728b)
Start importing Assets/Download/SU3DJPFont/Fonts/MPlusTestflight60/mplus-1mn-light.ttf using Guid(07bc55e40a51311439ec10a387f4d877) Importer(815301076,1909f56bfc062723c751e8b465ee728b)  -> (artifact id: 'd5dc74a3a511c40821a41e8bb81c43b8') in 0.017001 seconds 
========================================================================
Received Import Request.
  Time since last request: 0.061968 seconds.
  path: Assets/Download/SU3DJPFont/Fonts/MPlusTestflight60/mplus-1m-thin.ttf
  artifactKey: Guid(a64c8a307d22d6e4e8266a7c8d2911d5) Importer(815301076,1909f56bfc062723c751e8b465ee728b)
Start importing Assets/Download/SU3DJPFont/Fonts/MPlusTestflight60/mplus-1m-thin.ttf using Guid(a64c8a307d22d6e4e8266a7c8d2911d5) Importer(815301076,1909f56bfc062723c751e8b465ee728b)  -> (artifact id: '9c5ef42d6bcafd3a4c12382d9856b9a3') in 0.019487 seconds 
========================================================================
Received Import Request.
  Time since last request: 0.064754 seconds.
  path: Assets/Download/SU3DJPFont/Fonts/MPlusTestflight60/mplus-1m-medium.ttf
  artifactKey: Guid(8d804c8863accb0458362d2fa96ac648) Importer(815301076,1909f56bfc062723c751e8b465ee728b)
Start importing Assets/Download/SU3DJPFont/Fonts/MPlusTestflight60/mplus-1m-medium.ttf using Guid(8d804c8863accb0458362d2fa96ac648) Importer(815301076,1909f56bfc062723c751e8b465ee728b)  -> (artifact id: '4ac8da373e627b7da5d724498fbf4fdd') in 0.016289 seconds 
========================================================================
Received Import Request.
  Time since last request: 0.078054 seconds.
  path: Assets/Download/SU3DJPFont/Fonts/MPlusTestflight60/mplus-1m-bold.ttf
  artifactKey: Guid(c24573627499dc340929d2c48a140632) Importer(815301076,1909f56bfc062723c751e8b465ee728b)
Start importing Assets/Download/SU3DJPFont/Fonts/MPlusTestflight60/mplus-1m-bold.ttf using Guid(c24573627499dc340929d2c48a140632) Importer(815301076,1909f56bfc062723c751e8b465ee728b)  -> (artifact id: '057c1d27effc6d55468cfb9c00086d03') in 0.017998 seconds 
========================================================================
Received Import Request.
  Time since last request: 0.038108 seconds.
  path: Assets/Download/SU3DJPFont/Fonts/MPlusTestflight60/mplus-1c-regular.ttf
  artifactKey: Guid(a2e1135d37c3552429765a3d54afffef) Importer(815301076,1909f56bfc062723c751e8b465ee728b)
Start importing Assets/Download/SU3DJPFont/Fonts/MPlusTestflight60/mplus-1c-regular.ttf using Guid(a2e1135d37c3552429765a3d54afffef) Importer(815301076,1909f56bfc062723c751e8b465ee728b)  -> (artifact id: '7b69f9b6af1835bac2066039beddf87a') in 0.033808 seconds 
========================================================================
Received Import Request.
  Time since last request: 0.042562 seconds.
  path: Assets/Download/SU3DJPFont/Fonts/MPlusTestflight60/mplus-1c-light.ttf
  artifactKey: Guid(5fc14a699a1d36a4a8ae87d331d5ca6b) Importer(815301076,1909f56bfc062723c751e8b465ee728b)
Start importing Assets/Download/SU3DJPFont/Fonts/MPlusTestflight60/mplus-1c-light.ttf using Guid(5fc14a699a1d36a4a8ae87d331d5ca6b) Importer(815301076,1909f56bfc062723c751e8b465ee728b)  -> (artifact id: 'bb68431d727556ceca8abd224c6e34dd') in 0.016215 seconds 
========================================================================
Received Import Request.
  Time since last request: 0.063567 seconds.
  path: Assets/Download/SU3DJPFont/Fonts/MPlusTestflight60/mplus-1c-bold.ttf
  artifactKey: Guid(4c387066fd2bd6047a0508c3d7ea86b6) Importer(815301076,1909f56bfc062723c751e8b465ee728b)
Start importing Assets/Download/SU3DJPFont/Fonts/MPlusTestflight60/mplus-1c-bold.ttf using Guid(4c387066fd2bd6047a0508c3d7ea86b6) Importer(815301076,1909f56bfc062723c751e8b465ee728b)  -> (artifact id: 'afe170674821cc00ff08d0c8a2e26fd3') in 0.016869 seconds 
========================================================================
Received Import Request.
  Time since last request: 0.063809 seconds.
  path: Assets/Download/SU3DJPFont/Fonts/MPlusTestflight60/mplus-1c-black.ttf
  artifactKey: Guid(bf882ea178a999648a63680a4a04ac5d) Importer(815301076,1909f56bfc062723c751e8b465ee728b)
Start importing Assets/Download/SU3DJPFont/Fonts/MPlusTestflight60/mplus-1c-black.ttf using Guid(bf882ea178a999648a63680a4a04ac5d) Importer(815301076,1909f56bfc062723c751e8b465ee728b)  -> (artifact id: '3aac3cdd496951ff0879b329e1755524') in 0.015521 seconds 
========================================================================
Received Prepare
Refreshing native plugins compatible for Editor in 5.71 ms, found 2 plugins.
Preloading 0 native plugins for Editor in 0.00 ms.
Unloading 13 Unused Serialized files (Serialized files now loaded: 0)
Unloading 13 unused Assets / (21.9 KB). Loaded Objects now: 3645.
Memory consumption went from 160.4 MB to 160.4 MB.
Total: 3.572269 ms (FindLiveObjects: 0.266369 ms CreateObjectMapping: 0.170929 ms MarkObjects: 3.117139 ms  DeleteObjects: 0.017088 ms)

AssetImportParameters requested are different than current active one (requested -> active):
  custom:video-decoder-ogg-theora: a1e56fd34408186e4bbccfd4996cb3dc -> 
  custom:container-muxer-webm: aa71ff27fc2769a1b78a27578f13a17b -> 
  custom:container-demuxer-webm: 4f35f7cbe854078d1ac9338744f61a02 -> 
  custom:video-encoder-webm-vp8: eb34c28f22e8b96e1ab97ce403110664 -> 
  custom:framework-osx-AVFoundation: e770b220cccbd017edd2c1fefb359320 -> 
  custom:audio-encoder-webm-vorbis: bf7c407c2cedff20999df2af8eb42d56 -> 
  custom:container-demuxer-ogg: 62fdf1f143b41e24485cea50d1cbac27 -> 
  custom:video-decoder-webm-vp8: 9c59270c3fd7afecdb556c50c9e8de78 -> 
  custom:audio-decoder-ogg-vorbis: bf7c407c2cedff20999df2af8eb42d56 -> 
AssetImportWorkerClient::OnTransportError - code=2 error=End of file
